Using pre-set license
Built from '2021.1/staging' branch; Version is '2021.1.18f1 (25bdc3efbc2d) revision 2473411'; Using compiler version '192528614'; Build Type 'Release'
OS: 'Windows 10 Education; OS build 19042.1526; Version 2009; 64bit' Language: 'en' Physical Memory: 8024 MB
BatchMode: 1, IsHumanControllingUs: 0, StartBugReporterOnCrash: 0, Is64bit: 1, IsPro: 0

COMMAND LINE ARGUMENTS:
C:\Program Files\Unity\Hub\Editor\2021.1.18f1\Editor\Unity.exe
-adb2
-batchMode
-noUpm
-name
AssetImportWorker0
-projectPath
C:/temp/unity projects/Unit-5-7-Assignment/5+7 assignment
-logFile
Logs/AssetImportWorker0.log
-srvPort
50657
Successfully changed project path to: C:/temp/unity projects/Unit-5-7-Assignment/5+7 assignment
C:/temp/unity projects/Unit-5-7-Assignment/5+7 assignment
Using Asset Import Pipeline V2.
Refreshing native plugins compatible for Editor in 161.26 ms, found 4 plugins.
Preloading 0 native plugins for Editor in 0.00 ms.
Initialize engine version: 2021.1.18f1 (25bdc3efbc2d)
[Subsystems] Discovering subsystems at path C:/Program Files/Unity/Hub/Editor/2021.1.18f1/Editor/Data/Resources/UnitySubsystems
[Subsystems] Discovering subsystems at path C:/temp/unity projects/Unit-5-7-Assignment/5+7 assignment/Assets
GfxDevice: creating device client; threaded=0; jobified=0
Direct3D:
    Version:  Direct3D 11.0 [level 11.1]
    Renderer: Intel(R) UHD Graphics 630 (ID=0x3e91)
    Vendor:   Intel
    VRAM:     4012 MB
    Driver:   27.20.100.9415
Initialize mono
Mono path[0] = 'C:/Program Files/Unity/Hub/Editor/2021.1.18f1/Editor/Data/Managed'
Mono path[1] = 'C:/Program Files/Unity/Hub/Editor/2021.1.18f1/Editor/Data/MonoBleedingEdge/lib/mono/unityjit'
Mono config path = 'C:/Program Files/Unity/Hub/Editor/2021.1.18f1/Editor/Data/MonoBleedingEdge/etc'
Using monoOptions --debugger-agent=transport=dt_socket,embedding=1,server=y,suspend=n,address=127.0.0.1:56768
Begin MonoManager ReloadAssembly
Registering precompiled unity dll's ...
Register platform support module: C:/Program Files/Unity/Hub/Editor/2021.1.18f1/Editor/Data/PlaybackEngines/WindowsStandaloneSupport/UnityEditor.WindowsStandalone.Extensions.dll
Registered in 0.005407 seconds.
Native extension for WindowsStandalone target not found
Refreshing native plugins compatible for Editor in 134.09 ms, found 4 plugins.
Preloading 0 native plugins for Editor in 0.00 ms.
Mono: successfully reloaded assembly
- Completed reload, in  7.541 seconds
Domain Reload Profiling:
	ReloadAssembly (7541ms)
		BeginReloadAssembly (185ms)
			ExecutionOrderSort (0ms)
			DisableScriptedObjects (0ms)
			BackupInstance (0ms)
			ReleaseScriptingObjects (0ms)
			CreateAndSetChildDomain (1ms)
		EndReloadAssembly (625ms)
			LoadAssemblies (183ms)
			RebuildTransferFunctionScriptingTraits (0ms)
			SetupTypeCache (206ms)
			ReleaseScriptCaches (0ms)
			RebuildScriptCaches (36ms)
			SetupLoadedEditorAssemblies (313ms)
				LogAssemblyErrors (0ms)
				InitializePlatformSupportModulesInManaged (8ms)
				SetLoadedEditorAssemblies (0ms)
				RefreshPlugins (134ms)
				BeforeProcessingInitializeOnLoad (2ms)
				ProcessInitializeOnLoadAttributes (131ms)
				ProcessInitializeOnLoadMethodAttributes (37ms)
				AfterProcessingInitializeOnLoad (0ms)
				EditorAssembliesLoaded (0ms)
			ExecutionOrderSort2 (0ms)
			AwakeInstancesAfterBackupRestoration (0ms)
Platform modules already initialized, skipping
Registering precompiled user dll's ...
Registered in 0.021951 seconds.
Begin MonoManager ReloadAssembly
Symbol file LoadedFromMemory doesn't match image C:\temp\unity projects\Unit-5-7-Assignment\5+7 assignment\Library\PackageCache\com.unity.visualscripting@1.6.1\Editor\VisualScripting.Core\Dependencies\YamlDotNet\Unity.VisualScripting.YamlDotNet.dll
Symbol file LoadedFromMemory doesn't match image C:\temp\unity projects\Unit-5-7-Assignment\5+7 assignment\Library\PackageCache\com.unity.visualscripting@1.6.1\Editor\VisualScripting.Core\Dependencies\DotNetZip\Unity.VisualScripting.IonicZip.dll
Native extension for WindowsStandalone target not found
Refreshing native plugins compatible for Editor in 246.39 ms, found 4 plugins.
Preloading 0 native plugins for Editor in 0.00 ms.
Mono: successfully reloaded assembly
- Completed reload, in  2.041 seconds
Domain Reload Profiling:
	ReloadAssembly (2042ms)
		BeginReloadAssembly (203ms)
			ExecutionOrderSort (0ms)
			DisableScriptedObjects (6ms)
			BackupInstance (0ms)
			ReleaseScriptingObjects (0ms)
			CreateAndSetChildDomain (28ms)
		EndReloadAssembly (1759ms)
			LoadAssemblies (203ms)
			RebuildTransferFunctionScriptingTraits (0ms)
			SetupTypeCache (545ms)
			ReleaseScriptCaches (1ms)
			RebuildScriptCaches (69ms)
			SetupLoadedEditorAssemblies (825ms)
				LogAssemblyErrors (0ms)
				InitializePlatformSupportModulesInManaged (5ms)
				SetLoadedEditorAssemblies (0ms)
				RefreshPlugins (246ms)
				BeforeProcessingInitializeOnLoad (152ms)
				ProcessInitializeOnLoadAttributes (383ms)
				ProcessInitializeOnLoadMethodAttributes (30ms)
				AfterProcessingInitializeOnLoad (8ms)
				EditorAssembliesLoaded (0ms)
			ExecutionOrderSort2 (0ms)
			AwakeInstancesAfterBackupRestoration (8ms)
Platform modules already initialized, skipping
========================================================================
Worker process is ready to serve import requests
Launched and connected shader compiler UnityShaderCompiler.exe after 0.12 seconds
Refreshing native plugins compatible for Editor in 0.82 ms, found 4 plugins.
Preloading 0 native plugins for Editor in 0.00 ms.
Unloading 3698 Unused Serialized files (Serialized files now loaded: 0)
System memory in use before: 138.8 MB.
System memory in use after: 139.0 MB.

Unloading 32 unused Assets to reduce memory usage. Loaded Objects now: 4146.
Total: 4.743900 ms (FindLiveObjects: 0.330200 ms CreateObjectMapping: 0.198900 ms MarkObjects: 4.127700 ms  DeleteObjects: 0.085200 ms)

AssetImportParameters requested are different than current active one (requested -> active):
  custom:framework-win-MediaFoundation: 216162199b28c13a410421893ffa2e32 -> 
  custom:video-decoder-ogg-theora: a1e56fd34408186e4bbccfd4996cb3dc -> 
  custom:container-muxer-webm: aa71ff27fc2769a1b78a27578f13a17b -> 
  custom:container-demuxer-webm: 4f35f7cbe854078d1ac9338744f61a02 -> 
  custom:container-demuxer-ogg: 62fdf1f143b41e24485cea50d1cbac27 -> 
  custom:video-encoder-webm-vp8: eb34c28f22e8b96e1ab97ce403110664 -> 
  custom:video-decoder-webm-vp8: 9c59270c3fd7afecdb556c50c9e8de78 -> 
  custom:audio-decoder-ogg-vorbis: bf7c407c2cedff20999df2af8eb42d56 -> 
  custom:audio-encoder-webm-vorbis: bf7c407c2cedff20999df2af8eb42d56 -> 
========================================================================
Received Import Request.
  path: Assets/box.physicsMaterial2D
  artifactKey: Guid(294252329bc5a864ea8e76af839789c7) Importer(815301076,1909f56bfc062723c751e8b465ee728b)
Start importing Assets/box.physicsMaterial2D using Guid(294252329bc5a864ea8e76af839789c7) Importer(815301076,1909f56bfc062723c751e8b465ee728b)  -> (artifact id: 'd8b8e2364d0a13f09e4330073950b092') in 0.074199 seconds 
========================================================================
Received Import Request.
  Time since last request: 281.433718 seconds.
  path: Assets
  artifactKey: Guid(00000000000000001000000000000000) Importer(815301076,1909f56bfc062723c751e8b465ee728b)
Start importing Assets using Guid(00000000000000001000000000000000) Importer(815301076,1909f56bfc062723c751e8b465ee728b)  -> (artifact id: '42d402b061de3733987d63b9cc3b64de') in 0.022805 seconds 
========================================================================
Received Import Request.
  Time since last request: 17.621337 seconds.
  path: Assets/3DCoroutineScript.cs
  artifactKey: Guid(d36fe07c994fc6f41b674eba52f4fe9a) Importer(815301076,1909f56bfc062723c751e8b465ee728b)
Start importing Assets/3DCoroutineScript.cs using Guid(d36fe07c994fc6f41b674eba52f4fe9a) Importer(815301076,1909f56bfc062723c751e8b465ee728b)  -> (artifact id: '136842e05a4dc59f5d26dbe886c82e55') in 0.019306 seconds 
========================================================================
Received Import Request.
  Time since last request: 66.285048 seconds.
  path: Assets/Freddy
  artifactKey: Guid(edd06fcff780f7641bf38a17d78c3bd4) Importer(815301076,1909f56bfc062723c751e8b465ee728b)
Start importing Assets/Freddy using Guid(edd06fcff780f7641bf38a17d78c3bd4) Importer(815301076,1909f56bfc062723c751e8b465ee728b)  -> (artifact id: 'a4b721e42f9dfe44c2b9de65f2197028') in 0.016015 seconds 
========================================================================
Received Import Request.
  Time since last request: 53.234621 seconds.
  path: Assets/Freddy/source
  artifactKey: Guid(b20923df3e919664bad6cfa72aba4ab5) Importer(815301076,1909f56bfc062723c751e8b465ee728b)
Start importing Assets/Freddy/source using Guid(b20923df3e919664bad6cfa72aba4ab5) Importer(815301076,1909f56bfc062723c751e8b465ee728b)  -> (artifact id: '103d2a93d6b689221244d33343b386e4') in 0.020784 seconds 
========================================================================
Received Import Request.
  Time since last request: 0.657523 seconds.
  path: Assets/Freddy/source/RIG_Glamrock_Freddy.zip
  artifactKey: Guid(9f1d699a32d8c4c4a80ae99bfa4d9a2c) Importer(815301076,1909f56bfc062723c751e8b465ee728b)
Start importing Assets/Freddy/source/RIG_Glamrock_Freddy.zip using Guid(9f1d699a32d8c4c4a80ae99bfa4d9a2c) Importer(815301076,1909f56bfc062723c751e8b465ee728b)  -> (artifact id: 'b11a12dc4b4dad24ebfbe4e535544400') in 0.023951 seconds 
========================================================================
Received Import Request.
  Time since last request: 16.348924 seconds.
  path: Assets/Freddy/source/RIG_Glamrock_Freddy.fbx
  artifactKey: Guid(ac91504a52006b54f9e70aeda1208340) Importer(815301076,1909f56bfc062723c751e8b465ee728b)
Start importing Assets/Freddy/source/RIG_Glamrock_Freddy.fbx using Guid(ac91504a52006b54f9e70aeda1208340) Importer(815301076,1909f56bfc062723c751e8b465ee728b)  -> (artifact id: '5c7f0c7c051ab046364b5851800b63c1') in 0.343722 seconds 
========================================================================
Received Import Request.
  Time since last request: 143.463794 seconds.
  path: Assets/CoroutineScript.cs
  artifactKey: Guid(d36fe07c994fc6f41b674eba52f4fe9a) Importer(815301076,1909f56bfc062723c751e8b465ee728b)
Start importing Assets/CoroutineScript.cs using Guid(d36fe07c994fc6f41b674eba52f4fe9a) Importer(815301076,1909f56bfc062723c751e8b465ee728b)  -> (artifact id: 'c56ed98b3b6f381acdeff69c6a3b8fe5') in 0.023689 seconds 
========================================================================
Received Import Request.
  Time since last request: 5.811951 seconds.
  path: Assets/3DCoroutineScript.cs
  artifactKey: Guid(e9ca21afc424a924ea5d262812480827) Importer(815301076,1909f56bfc062723c751e8b465ee728b)
Start importing Assets/3DCoroutineScript.cs using Guid(e9ca21afc424a924ea5d262812480827) Importer(815301076,1909f56bfc062723c751e8b465ee728b)  -> (artifact id: '7ca08b02f166a35495e24baaa9e422ab') in 0.007659 seconds 
========================================================================
Received Prepare
Registering precompiled user dll's ...
Registered in 0.021964 seconds.
Begin MonoManager ReloadAssembly
Symbol file LoadedFromMemory doesn't match image C:\temp\unity projects\Unit-5-7-Assignment\5+7 assignment\Library\PackageCache\com.unity.visualscripting@1.6.1\Editor\VisualScripting.Core\Dependencies\YamlDotNet\Unity.VisualScripting.YamlDotNet.dll
Symbol file LoadedFromMemory doesn't match image C:\temp\unity projects\Unit-5-7-Assignment\5+7 assignment\Library\PackageCache\com.unity.visualscripting@1.6.1\Editor\VisualScripting.Core\Dependencies\DotNetZip\Unity.VisualScripting.IonicZip.dll
Native extension for WindowsStandalone target not found
Refreshing native plugins compatible for Editor in 0.83 ms, found 4 plugins.
Preloading 0 native plugins for Editor in 0.00 ms.
Mono: successfully reloaded assembly
- Completed reload, in  1.670 seconds
Domain Reload Profiling:
	ReloadAssembly (1670ms)
		BeginReloadAssembly (166ms)
			ExecutionOrderSort (0ms)
			DisableScriptedObjects (7ms)
			BackupInstance (0ms)
			ReleaseScriptingObjects (0ms)
			CreateAndSetChildDomain (49ms)
		EndReloadAssembly (1428ms)
			LoadAssemblies (135ms)
			RebuildTransferFunctionScriptingTraits (0ms)
			SetupTypeCache (624ms)
			ReleaseScriptCaches (2ms)
			RebuildScriptCaches (75ms)
			SetupLoadedEditorAssemblies (462ms)
				LogAssemblyErrors (0ms)
				InitializePlatformSupportModulesInManaged (6ms)
				SetLoadedEditorAssemblies (0ms)
				RefreshPlugins (1ms)
				BeforeProcessingInitializeOnLoad (85ms)
				ProcessInitializeOnLoadAttributes (352ms)
				ProcessInitializeOnLoadMethodAttributes (10ms)
				AfterProcessingInitializeOnLoad (9ms)
				EditorAssembliesLoaded (0ms)
			ExecutionOrderSort2 (0ms)
			AwakeInstancesAfterBackupRestoration (13ms)
Platform modules already initialized, skipping
Refreshing native plugins compatible for Editor in 0.78 ms, found 4 plugins.
Preloading 0 native plugins for Editor in 0.00 ms.
Unloading 3676 Unused Serialized files (Serialized files now loaded: 0)
System memory in use before: 141.7 MB.
System memory in use after: 141.9 MB.

Unloading 20 unused Assets to reduce memory usage. Loaded Objects now: 4193.
Total: 4.080900 ms (FindLiveObjects: 0.313900 ms CreateObjectMapping: 0.211200 ms MarkObjects: 3.534400 ms  DeleteObjects: 0.020300 ms)

AssetImportParameters requested are different than current active one (requested -> active):
  custom:framework-win-MediaFoundation: 216162199b28c13a410421893ffa2e32 -> 
  custom:video-decoder-ogg-theora: a1e56fd34408186e4bbccfd4996cb3dc -> 
  custom:container-muxer-webm: aa71ff27fc2769a1b78a27578f13a17b -> 
  custom:container-demuxer-webm: 4f35f7cbe854078d1ac9338744f61a02 -> 
  custom:container-demuxer-ogg: 62fdf1f143b41e24485cea50d1cbac27 -> 
  custom:video-encoder-webm-vp8: eb34c28f22e8b96e1ab97ce403110664 -> 
  custom:video-decoder-webm-vp8: 9c59270c3fd7afecdb556c50c9e8de78 -> 
  custom:audio-decoder-ogg-vorbis: bf7c407c2cedff20999df2af8eb42d56 -> 
  custom:audio-encoder-webm-vorbis: bf7c407c2cedff20999df2af8eb42d56 -> 
========================================================================
Received Import Request.
  Time since last request: 293.075472 seconds.
  path: Assets/Freddy/source/RIG_Glamrock_Freddy.fbx
  artifactKey: Guid(ac91504a52006b54f9e70aeda1208340) Importer(815301076,1909f56bfc062723c751e8b465ee728b)
Start importing Assets/Freddy/source/RIG_Glamrock_Freddy.fbx using Guid(ac91504a52006b54f9e70aeda1208340) Importer(815301076,1909f56bfc062723c751e8b465ee728b)  -> (artifact id: '1aaa0933f0e8341309e1bdd37936af98') in 0.326854 seconds 
========================================================================
Received Import Request.
  Time since last request: 0.000300 seconds.
  path: Assets/Freddy/source/MAT_GlamFreddy.mat
  artifactKey: Guid(a6cb7c7b062ad9047afb5777f7e47647) Importer(815301076,1909f56bfc062723c751e8b465ee728b)
Start importing Assets/Freddy/source/MAT_GlamFreddy.mat using Guid(a6cb7c7b062ad9047afb5777f7e47647) Importer(815301076,1909f56bfc062723c751e8b465ee728b)  -> (artifact id: '07964d08ae964e10c15a3c82bde9e3bc') in 0.049166 seconds 
========================================================================
Received Prepare
Registering precompiled user dll's ...
Registered in 0.010729 seconds.
Begin MonoManager ReloadAssembly
Symbol file LoadedFromMemory doesn't match image C:\temp\unity projects\Unit-5-7-Assignment\5+7 assignment\Library\PackageCache\com.unity.visualscripting@1.6.1\Editor\VisualScripting.Core\Dependencies\YamlDotNet\Unity.VisualScripting.YamlDotNet.dll
Symbol file LoadedFromMemory doesn't match image C:\temp\unity projects\Unit-5-7-Assignment\5+7 assignment\Library\PackageCache\com.unity.visualscripting@1.6.1\Editor\VisualScripting.Core\Dependencies\DotNetZip\Unity.VisualScripting.IonicZip.dll
Native extension for WindowsStandalone target not found
Refreshing native plugins compatible for Editor in 0.85 ms, found 4 plugins.
Preloading 0 native plugins for Editor in 0.00 ms.
Mono: successfully reloaded assembly
- Completed reload, in  1.568 seconds
Domain Reload Profiling:
	ReloadAssembly (1569ms)
		BeginReloadAssembly (156ms)
			ExecutionOrderSort (0ms)
			DisableScriptedObjects (7ms)
			BackupInstance (0ms)
			ReleaseScriptingObjects (0ms)
			CreateAndSetChildDomain (47ms)
		EndReloadAssembly (1336ms)
			LoadAssemblies (125ms)
			RebuildTransferFunctionScriptingTraits (0ms)
			SetupTypeCache (446ms)
			ReleaseScriptCaches (1ms)
			RebuildScriptCaches (60ms)
			SetupLoadedEditorAssemblies (560ms)
				LogAssemblyErrors (0ms)
				InitializePlatformSupportModulesInManaged (6ms)
				SetLoadedEditorAssemblies (1ms)
				RefreshPlugins (1ms)
				BeforeProcessingInitializeOnLoad (95ms)
				ProcessInitializeOnLoadAttributes (431ms)
				ProcessInitializeOnLoadMethodAttributes (16ms)
				AfterProcessingInitializeOnLoad (11ms)
				EditorAssembliesLoaded (0ms)
			ExecutionOrderSort2 (0ms)
			AwakeInstancesAfterBackupRestoration (17ms)
Platform modules already initialized, skipping
Refreshing native plugins compatible for Editor in 0.79 ms, found 4 plugins.
Preloading 0 native plugins for Editor in 0.00 ms.
Unloading 3676 Unused Serialized files (Serialized files now loaded: 0)
System memory in use before: 141.7 MB.
System memory in use after: 142.0 MB.

Unloading 20 unused Assets to reduce memory usage. Loaded Objects now: 4197.
Total: 4.020100 ms (FindLiveObjects: 0.332000 ms CreateObjectMapping: 0.204900 ms MarkObjects: 3.463000 ms  DeleteObjects: 0.019100 ms)

AssetImportParameters requested are different than current active one (requested -> active):
  custom:framework-win-MediaFoundation: 216162199b28c13a410421893ffa2e32 -> 
  custom:video-decoder-ogg-theora: a1e56fd34408186e4bbccfd4996cb3dc -> 
  custom:container-muxer-webm: aa71ff27fc2769a1b78a27578f13a17b -> 
  custom:container-demuxer-webm: 4f35f7cbe854078d1ac9338744f61a02 -> 
  custom:container-demuxer-ogg: 62fdf1f143b41e24485cea50d1cbac27 -> 
  custom:video-encoder-webm-vp8: eb34c28f22e8b96e1ab97ce403110664 -> 
  custom:video-decoder-webm-vp8: 9c59270c3fd7afecdb556c50c9e8de78 -> 
  custom:audio-decoder-ogg-vorbis: bf7c407c2cedff20999df2af8eb42d56 -> 
  custom:audio-encoder-webm-vorbis: bf7c407c2cedff20999df2af8eb42d56 -> 
========================================================================
Received Import Request.
  Time since last request: 214.146857 seconds.
  path: Assets/Freddy/source/MAT_GlamFreddy.mat
  artifactKey: Guid(a6cb7c7b062ad9047afb5777f7e47647) Importer(815301076,1909f56bfc062723c751e8b465ee728b)
Start importing Assets/Freddy/source/MAT_GlamFreddy.mat using Guid(a6cb7c7b062ad9047afb5777f7e47647) Importer(815301076,1909f56bfc062723c751e8b465ee728b)  -> (artifact id: 'a4fd266f399d655ce9954e2c79b1a1a3') in 0.097262 seconds 
========================================================================
Received Import Request.
  Time since last request: 696.424305 seconds.
  path: Assets/Freddy/textures/TEX_Endo_BaseColor.png
  artifactKey: Guid(f02e26c360aa17942837fbed7e0bccd5) Importer(815301076,1909f56bfc062723c751e8b465ee728b)
Start importing Assets/Freddy/textures/TEX_Endo_BaseColor.png using Guid(f02e26c360aa17942837fbed7e0bccd5) Importer(815301076,1909f56bfc062723c751e8b465ee728b)  -> (artifact id: '4d5f93e3403a4d466b8cad56639fc935') in 0.058326 seconds 
========================================================================
Received Import Request.
  Time since last request: 0.000303 seconds.
  path: Assets/Freddy/textures/TEX_Freddy_Interior_Normal.png
  artifactKey: Guid(4f34bebe1e78ab149a4158558efb8ff5) Importer(815301076,1909f56bfc062723c751e8b465ee728b)
Start importing Assets/Freddy/textures/TEX_Freddy_Interior_Normal.png using Guid(4f34bebe1e78ab149a4158558efb8ff5) Importer(815301076,1909f56bfc062723c751e8b465ee728b)  -> (artifact id: '9254f61480d2b0cd1a26821d879385ec') in 0.056515 seconds 
========================================================================
Received Import Request.
  Time since last request: 0.000317 seconds.
  path: Assets/Freddy/textures/TEX_GlamrockFreddy_EyeMat_Iris_Emissive.png
  artifactKey: Guid(f6f6d50e90d0b744bb6757c4ff0f5950) Importer(815301076,1909f56bfc062723c751e8b465ee728b)
Start importing Assets/Freddy/textures/TEX_GlamrockFreddy_EyeMat_Iris_Emissive.png using Guid(f6f6d50e90d0b744bb6757c4ff0f5950) Importer(815301076,1909f56bfc062723c751e8b465ee728b)  -> (artifact id: '3b4ef7c0bdee289a9a257607ef5e1929') in 0.036992 seconds 
========================================================================
Received Import Request.
  Time since last request: 0.000313 seconds.
  path: Assets/Freddy/textures/TEX_GlamRockFreddy_EyeMat_Metallic.png
  artifactKey: Guid(55e6420c76aa2db4e86ade9ab9d0cda8) Importer(815301076,1909f56bfc062723c751e8b465ee728b)
Start importing Assets/Freddy/textures/TEX_GlamRockFreddy_EyeMat_Metallic.png using Guid(55e6420c76aa2db4e86ade9ab9d0cda8) Importer(815301076,1909f56bfc062723c751e8b465ee728b)  -> (artifact id: '6787ed5214ea7c661ed0439706502b8f') in 0.029126 seconds 
========================================================================
Received Import Request.
  Time since last request: 0.001006 seconds.
  path: Assets/Freddy/textures/TEX_Endo_Roughness.png
  artifactKey: Guid(d6482fb8afb1937478a384e17217abbf) Importer(815301076,1909f56bfc062723c751e8b465ee728b)
Start importing Assets/Freddy/textures/TEX_Endo_Roughness.png using Guid(d6482fb8afb1937478a384e17217abbf) Importer(815301076,1909f56bfc062723c751e8b465ee728b)  -> (artifact id: 'f66e446fc96356be4b173db28ab6e9f9') in 0.033972 seconds 
========================================================================
Received Import Request.
  Time since last request: 0.000452 seconds.
  path: Assets/Freddy/textures/TEX_Freddy_Interior_Metallic.png
  artifactKey: Guid(2d1a24b95d507f5489eb9e8477c0c73d) Importer(815301076,1909f56bfc062723c751e8b465ee728b)
Start importing Assets/Freddy/textures/TEX_Freddy_Interior_Metallic.png using Guid(2d1a24b95d507f5489eb9e8477c0c73d) Importer(815301076,1909f56bfc062723c751e8b465ee728b)  -> (artifact id: '0b692c86a2d9216d7990b99062dac251') in 0.059238 seconds 
========================================================================
Received Import Request.
  Time since last request: 0.000275 seconds.
  path: Assets/Freddy/textures/TEX_GlamRockFreddy_Normal_Invert.png
  artifactKey: Guid(3cecb264c0173564a8167c76e563fa78) Importer(815301076,1909f56bfc062723c751e8b465ee728b)
Start importing Assets/Freddy/textures/TEX_GlamRockFreddy_Normal_Invert.png using Guid(3cecb264c0173564a8167c76e563fa78) Importer(815301076,1909f56bfc062723c751e8b465ee728b)  -> (artifact id: 'c9f8b3a86037daba3685467626204973') in 0.072424 seconds 
========================================================================
Received Import Request.
  Time since last request: 0.000498 seconds.
  path: Assets/Freddy/textures/TEX_GlamRockFreddy_Metallic.png
  artifactKey: Guid(54291b1d8cf20694cbf49c42860ed6a7) Importer(815301076,1909f56bfc062723c751e8b465ee728b)
Start importing Assets/Freddy/textures/TEX_GlamRockFreddy_Metallic.png using Guid(54291b1d8cf20694cbf49c42860ed6a7) Importer(815301076,1909f56bfc062723c751e8b465ee728b)  -> (artifact id: 'b44891aba4b862c7279b05fe24b4edae') in 0.051227 seconds 
========================================================================
Received Import Request.
  Time since last request: 0.000260 seconds.
  path: Assets/Freddy/textures/TEX_Freddy_Interior_Emissive_G.png
  artifactKey: Guid(1e45d99fc7d17c34b871c4e42bffc37b) Importer(815301076,1909f56bfc062723c751e8b465ee728b)
Start importing Assets/Freddy/textures/TEX_Freddy_Interior_Emissive_G.png using Guid(1e45d99fc7d17c34b871c4e42bffc37b) Importer(815301076,1909f56bfc062723c751e8b465ee728b)  -> (artifact id: '5c736784949461ed7937da879bda7437') in 0.051036 seconds 
========================================================================
Received Import Request.
  Time since last request: 0.000278 seconds.
  path: Assets/Freddy/textures/TEX_Freddy_Interior_BaseColor.png
  artifactKey: Guid(3f26995484497c445872ac69bc2fd110) Importer(815301076,1909f56bfc062723c751e8b465ee728b)
Start importing Assets/Freddy/textures/TEX_Freddy_Interior_BaseColor.png using Guid(3f26995484497c445872ac69bc2fd110) Importer(815301076,1909f56bfc062723c751e8b465ee728b)  -> (artifact id: '25126dd7aef6c8ba832a76d513496d36') in 0.054120 seconds 
========================================================================
Received Import Request.
  Time since last request: 0.000865 seconds.
  path: Assets/Freddy/textures/TEX_Endo_Metallic.png
  artifactKey: Guid(f47c6eb649238234f94fc453a7568f98) Importer(815301076,1909f56bfc062723c751e8b465ee728b)
Start importing Assets/Freddy/textures/TEX_Endo_Metallic.png using Guid(f47c6eb649238234f94fc453a7568f98) Importer(815301076,1909f56bfc062723c751e8b465ee728b)  -> (artifact id: 'bfb4196e9fbdb4c976dd3e504b57adac') in 0.050349 seconds 
========================================================================
Received Import Request.
  Time since last request: 0.000282 seconds.
  path: Assets/Freddy/textures/TEX_Endo_Normal.png
  artifactKey: Guid(e6c2da0bd9ecf1a48a8e39610332f422) Importer(815301076,1909f56bfc062723c751e8b465ee728b)
Start importing Assets/Freddy/textures/TEX_Endo_Normal.png using Guid(e6c2da0bd9ecf1a48a8e39610332f422) Importer(815301076,1909f56bfc062723c751e8b465ee728b)  -> (artifact id: '673c59d0fed70faeb976a191deaa8871') in 0.052200 seconds 
========================================================================
Received Import Request.
  Time since last request: 0.000308 seconds.
  path: Assets/Freddy/textures/TEX_Endo_Emissive.png
  artifactKey: Guid(d0c5a252ad353174fbf89581abedbd91) Importer(815301076,1909f56bfc062723c751e8b465ee728b)
Start importing Assets/Freddy/textures/TEX_Endo_Emissive.png using Guid(d0c5a252ad353174fbf89581abedbd91) Importer(815301076,1909f56bfc062723c751e8b465ee728b)  -> (artifact id: 'b5f682d4f5c80b7e21c95ca24d8bd2d0') in 0.046013 seconds 
========================================================================
Received Import Request.
  Time since last request: 0.000265 seconds.
  path: Assets/Freddy/textures/TEX_GlamRockFreddy_BaseColor.png
  artifactKey: Guid(21c0c7624c113d3428edf4ff012b978b) Importer(815301076,1909f56bfc062723c751e8b465ee728b)
Start importing Assets/Freddy/textures/TEX_GlamRockFreddy_BaseColor.png using Guid(21c0c7624c113d3428edf4ff012b978b) Importer(815301076,1909f56bfc062723c751e8b465ee728b)  -> (artifact id: 'ad2b95e08cf49c90ff3479e1c0c4e111') in 0.048770 seconds 
========================================================================
Received Import Request.
  Time since last request: 0.000298 seconds.
  path: Assets/Freddy/textures/TEX_Freddy_Interior_Roughness.png
  artifactKey: Guid(f70f5e7dc0cbc374b88e5611ab90e0d9) Importer(815301076,1909f56bfc062723c751e8b465ee728b)
Start importing Assets/Freddy/textures/TEX_Freddy_Interior_Roughness.png using Guid(f70f5e7dc0cbc374b88e5611ab90e0d9) Importer(815301076,1909f56bfc062723c751e8b465ee728b)  -> (artifact id: 'cedfe0cfe1ab02afb765b2894b776a22') in 0.051901 seconds 
========================================================================
Received Import Request.
  Time since last request: 0.000266 seconds.
  path: Assets/Freddy/textures/Untitled_design_(3).png
  artifactKey: Guid(620981c0d1cae014ba88b01a89048fe4) Importer(815301076,1909f56bfc062723c751e8b465ee728b)
Start importing Assets/Freddy/textures/Untitled_design_(3).png using Guid(620981c0d1cae014ba88b01a89048fe4) Importer(815301076,1909f56bfc062723c751e8b465ee728b)  -> (artifact id: '47c11c3b0e183eb6e97bae4243448fb0') in 0.046782 seconds 
========================================================================
Received Import Request.
  Time since last request: 0.000283 seconds.
  path: Assets/Freddy/textures/TEX_GlamRockFreddy_EyeMat_BaseColor.png
  artifactKey: Guid(35c6e2c873035734a9d02149cba12d41) Importer(815301076,1909f56bfc062723c751e8b465ee728b)
Start importing Assets/Freddy/textures/TEX_GlamRockFreddy_EyeMat_BaseColor.png using Guid(35c6e2c873035734a9d02149cba12d41) Importer(815301076,1909f56bfc062723c751e8b465ee728b)  -> (artifact id: 'ce2a1c6396d0141fb4c09f8cfbe22450') in 0.028557 seconds 
========================================================================
Received Import Request.
  Time since last request: 0.000877 seconds.
  path: Assets/Freddy/textures/TEX_Freddy_Interior_Occlusion.png
  artifactKey: Guid(01ad967bf2cc792459e2c3a1860c0d97) Importer(815301076,1909f56bfc062723c751e8b465ee728b)
Start importing Assets/Freddy/textures/TEX_Freddy_Interior_Occlusion.png using Guid(01ad967bf2cc792459e2c3a1860c0d97) Importer(815301076,1909f56bfc062723c751e8b465ee728b)  -> (artifact id: 'c714e290d31b1a7347f54ea9000ce9ff') in 0.050417 seconds 
========================================================================
Received Import Request.
  Time since last request: 0.000330 seconds.
  path: Assets/Freddy/textures/TEX_Endo_Occlusion.png
  artifactKey: Guid(bc8d15359431ec147bebce68c9156a25) Importer(815301076,1909f56bfc062723c751e8b465ee728b)
Start importing Assets/Freddy/textures/TEX_Endo_Occlusion.png using Guid(bc8d15359431ec147bebce68c9156a25) Importer(815301076,1909f56bfc062723c751e8b465ee728b)  -> (artifact id: 'bcb19f2ed627d4ebff6776e831d92842') in 0.064080 seconds 
========================================================================
Received Import Request.
  Time since last request: 0.000317 seconds.
  path: Assets/Freddy/textures/TEX_GlamRockFreddy_Emissive.png
  artifactKey: Guid(dc88f9065273ceb4caf01e084f1037de) Importer(815301076,1909f56bfc062723c751e8b465ee728b)
Start importing Assets/Freddy/textures/TEX_GlamRockFreddy_Emissive.png using Guid(dc88f9065273ceb4caf01e084f1037de) Importer(815301076,1909f56bfc062723c751e8b465ee728b)  -> (artifact id: '68995fdd8bdedac77db72c20182f67d8') in 0.035350 seconds 
========================================================================
Received Import Request.
  Time since last request: 0.000831 seconds.
  path: Assets/Freddy/textures/TEX_GlamRockFreddy_EyeMat_Roughness.png
  artifactKey: Guid(3a86125c1d02cdf49ac16702ca78c8de) Importer(815301076,1909f56bfc062723c751e8b465ee728b)
Start importing Assets/Freddy/textures/TEX_GlamRockFreddy_EyeMat_Roughness.png using Guid(3a86125c1d02cdf49ac16702ca78c8de) Importer(815301076,1909f56bfc062723c751e8b465ee728b)  -> (artifact id: '2271af8d40f3180d2633e748b445396f') in 0.055307 seconds 
========================================================================
Received Import Request.
  Time since last request: 0.000229 seconds.
  path: Assets/Freddy/textures/TEX_GlamRockFreddy_Occlusion.png
  artifactKey: Guid(85b15e18462dcdd4881b883a926ca3ab) Importer(815301076,1909f56bfc062723c751e8b465ee728b)
Start importing Assets/Freddy/textures/TEX_GlamRockFreddy_Occlusion.png using Guid(85b15e18462dcdd4881b883a926ca3ab) Importer(815301076,1909f56bfc062723c751e8b465ee728b)  -> (artifact id: '9ca491e0fa0b605b92dacbc36b9d9370') in 0.066567 seconds 
========================================================================
Received Import Request.
  Time since last request: 3.717546 seconds.
  path: Assets/CoroutineScript.cs
  artifactKey: Guid(d36fe07c994fc6f41b674eba52f4fe9a) Importer(815301076,1909f56bfc062723c751e8b465ee728b)
Start importing Assets/CoroutineScript.cs using Guid(d36fe07c994fc6f41b674eba52f4fe9a) Importer(815301076,1909f56bfc062723c751e8b465ee728b)  -> (artifact id: '9f5583bbf15d007ffa13f510548d088b') in 0.003396 seconds 
========================================================================
Received Prepare
Registering precompiled user dll's ...
Registered in 0.018687 seconds.
Begin MonoManager ReloadAssembly
Symbol file LoadedFromMemory doesn't match image C:\temp\unity projects\Unit-5-7-Assignment\5+7 assignment\Library\PackageCache\com.unity.visualscripting@1.6.1\Editor\VisualScripting.Core\Dependencies\YamlDotNet\Unity.VisualScripting.YamlDotNet.dll
Symbol file LoadedFromMemory doesn't match image C:\temp\unity projects\Unit-5-7-Assignment\5+7 assignment\Library\PackageCache\com.unity.visualscripting@1.6.1\Editor\VisualScripting.Core\Dependencies\DotNetZip\Unity.VisualScripting.IonicZip.dll
Native extension for WindowsStandalone target not found
Refreshing native plugins compatible for Editor in 0.80 ms, found 4 plugins.
Preloading 0 native plugins for Editor in 0.00 ms.
Mono: successfully reloaded assembly
- Completed reload, in  1.837 seconds
Domain Reload Profiling:
	ReloadAssembly (1838ms)
		BeginReloadAssembly (169ms)
			ExecutionOrderSort (0ms)
			DisableScriptedObjects (9ms)
			BackupInstance (0ms)
			ReleaseScriptingObjects (0ms)
			CreateAndSetChildDomain (50ms)
		EndReloadAssembly (1588ms)
			LoadAssemblies (142ms)
			RebuildTransferFunctionScriptingTraits (0ms)
			SetupTypeCache (645ms)
			ReleaseScriptCaches (1ms)
			RebuildScriptCaches (54ms)
			SetupLoadedEditorAssemblies (469ms)
				LogAssemblyErrors (0ms)
				InitializePlatformSupportModulesInManaged (6ms)
				SetLoadedEditorAssemblies (1ms)
				RefreshPlugins (1ms)
				BeforeProcessingInitializeOnLoad (95ms)
				ProcessInitializeOnLoadAttributes (348ms)
				ProcessInitializeOnLoadMethodAttributes (11ms)
				AfterProcessingInitializeOnLoad (8ms)
				EditorAssembliesLoaded (0ms)
			ExecutionOrderSort2 (0ms)
			AwakeInstancesAfterBackupRestoration (20ms)
Platform modules already initialized, skipping
Refreshing native plugins compatible for Editor in 1.02 ms, found 4 plugins.
Preloading 0 native plugins for Editor in 0.00 ms.
Unloading 3698 Unused Serialized files (Serialized files now loaded: 0)
System memory in use before: 178.8 MB.
System memory in use after: 179.1 MB.

Unloading 20 unused Assets to reduce memory usage. Loaded Objects now: 4533.
Total: 4.150800 ms (FindLiveObjects: 0.357600 ms CreateObjectMapping: 0.217100 ms MarkObjects: 3.552400 ms  DeleteObjects: 0.022700 ms)

AssetImportParameters requested are different than current active one (requested -> active):
  custom:framework-win-MediaFoundation: 216162199b28c13a410421893ffa2e32 -> 
  custom:video-decoder-ogg-theora: a1e56fd34408186e4bbccfd4996cb3dc -> 
  custom:container-muxer-webm: aa71ff27fc2769a1b78a27578f13a17b -> 
  custom:container-demuxer-webm: 4f35f7cbe854078d1ac9338744f61a02 -> 
  custom:container-demuxer-ogg: 62fdf1f143b41e24485cea50d1cbac27 -> 
  custom:video-encoder-webm-vp8: eb34c28f22e8b96e1ab97ce403110664 -> 
  custom:video-decoder-webm-vp8: 9c59270c3fd7afecdb556c50c9e8de78 -> 
  custom:audio-decoder-ogg-vorbis: bf7c407c2cedff20999df2af8eb42d56 -> 
  custom:audio-encoder-webm-vorbis: bf7c407c2cedff20999df2af8eb42d56 -> 
========================================================================
Received Prepare
Registering precompiled user dll's ...
Registered in 0.007671 seconds.
Begin MonoManager ReloadAssembly
Symbol file LoadedFromMemory doesn't match image C:\temp\unity projects\Unit-5-7-Assignment\5+7 assignment\Library\PackageCache\com.unity.visualscripting@1.6.1\Editor\VisualScripting.Core\Dependencies\YamlDotNet\Unity.VisualScripting.YamlDotNet.dll
Symbol file LoadedFromMemory doesn't match image C:\temp\unity projects\Unit-5-7-Assignment\5+7 assignment\Library\PackageCache\com.unity.visualscripting@1.6.1\Editor\VisualScripting.Core\Dependencies\DotNetZip\Unity.VisualScripting.IonicZip.dll
Native extension for WindowsStandalone target not found
Refreshing native plugins compatible for Editor in 0.83 ms, found 4 plugins.
Preloading 0 native plugins for Editor in 0.00 ms.
Mono: successfully reloaded assembly
- Completed reload, in  1.810 seconds
Domain Reload Profiling:
	ReloadAssembly (1811ms)
		BeginReloadAssembly (153ms)
			ExecutionOrderSort (0ms)
			DisableScriptedObjects (11ms)
			BackupInstance (0ms)
			ReleaseScriptingObjects (0ms)
			CreateAndSetChildDomain (45ms)
		EndReloadAssembly (1581ms)
			LoadAssemblies (134ms)
			RebuildTransferFunctionScriptingTraits (0ms)
			SetupTypeCache (462ms)
			ReleaseScriptCaches (1ms)
			RebuildScriptCaches (57ms)
			SetupLoadedEditorAssemblies (777ms)
				LogAssemblyErrors (0ms)
				InitializePlatformSupportModulesInManaged (6ms)
				SetLoadedEditorAssemblies (1ms)
				RefreshPlugins (1ms)
				BeforeProcessingInitializeOnLoad (92ms)
				ProcessInitializeOnLoadAttributes (638ms)
				ProcessInitializeOnLoadMethodAttributes (24ms)
				AfterProcessingInitializeOnLoad (14ms)
				EditorAssembliesLoaded (0ms)
			ExecutionOrderSort2 (0ms)
			AwakeInstancesAfterBackupRestoration (33ms)
Platform modules already initialized, skipping
Refreshing native plugins compatible for Editor in 0.79 ms, found 4 plugins.
Preloading 0 native plugins for Editor in 0.00 ms.
Unloading 3676 Unused Serialized files (Serialized files now loaded: 0)
System memory in use before: 177.9 MB.
System memory in use after: 178.2 MB.

Unloading 20 unused Assets to reduce memory usage. Loaded Objects now: 4536.
Total: 4.487800 ms (FindLiveObjects: 0.331400 ms CreateObjectMapping: 0.221800 ms MarkObjects: 3.912200 ms  DeleteObjects: 0.021300 ms)

AssetImportParameters requested are different than current active one (requested -> active):
  custom:framework-win-MediaFoundation: 216162199b28c13a410421893ffa2e32 -> 
  custom:video-decoder-ogg-theora: a1e56fd34408186e4bbccfd4996cb3dc -> 
  custom:container-muxer-webm: aa71ff27fc2769a1b78a27578f13a17b -> 
  custom:container-demuxer-webm: 4f35f7cbe854078d1ac9338744f61a02 -> 
  custom:container-demuxer-ogg: 62fdf1f143b41e24485cea50d1cbac27 -> 
  custom:video-encoder-webm-vp8: eb34c28f22e8b96e1ab97ce403110664 -> 
  custom:video-decoder-webm-vp8: 9c59270c3fd7afecdb556c50c9e8de78 -> 
  custom:audio-decoder-ogg-vorbis: bf7c407c2cedff20999df2af8eb42d56 -> 
  custom:audio-encoder-webm-vorbis: bf7c407c2cedff20999df2af8eb42d56 -> 
========================================================================
Received Prepare
Registering precompiled user dll's ...
Registered in 0.007692 seconds.
Begin MonoManager ReloadAssembly
Symbol file LoadedFromMemory doesn't match image C:\temp\unity projects\Unit-5-7-Assignment\5+7 assignment\Library\PackageCache\com.unity.visualscripting@1.6.1\Editor\VisualScripting.Core\Dependencies\YamlDotNet\Unity.VisualScripting.YamlDotNet.dll
Symbol file LoadedFromMemory doesn't match image C:\temp\unity projects\Unit-5-7-Assignment\5+7 assignment\Library\PackageCache\com.unity.visualscripting@1.6.1\Editor\VisualScripting.Core\Dependencies\DotNetZip\Unity.VisualScripting.IonicZip.dll
Native extension for WindowsStandalone target not found
Refreshing native plugins compatible for Editor in 0.83 ms, found 4 plugins.
Preloading 0 native plugins for Editor in 0.00 ms.
Mono: successfully reloaded assembly
- Completed reload, in  1.738 seconds
Domain Reload Profiling:
	ReloadAssembly (1738ms)
		BeginReloadAssembly (157ms)
			ExecutionOrderSort (0ms)
			DisableScriptedObjects (12ms)
			BackupInstance (0ms)
			ReleaseScriptingObjects (0ms)
			CreateAndSetChildDomain (44ms)
		EndReloadAssembly (1503ms)
			LoadAssemblies (131ms)
			RebuildTransferFunctionScriptingTraits (0ms)
			SetupTypeCache (482ms)
			ReleaseScriptCaches (1ms)
			RebuildScriptCaches (56ms)
			SetupLoadedEditorAssemblies (696ms)
				LogAssemblyErrors (0ms)
				InitializePlatformSupportModulesInManaged (6ms)
				SetLoadedEditorAssemblies (1ms)
				RefreshPlugins (1ms)
				BeforeProcessingInitializeOnLoad (99ms)
				ProcessInitializeOnLoadAttributes (554ms)
				ProcessInitializeOnLoadMethodAttributes (26ms)
				AfterProcessingInitializeOnLoad (10ms)
				EditorAssembliesLoaded (0ms)
			ExecutionOrderSort2 (0ms)
			AwakeInstancesAfterBackupRestoration (20ms)
Platform modules already initialized, skipping
Refreshing native plugins compatible for Editor in 0.83 ms, found 4 plugins.
Preloading 0 native plugins for Editor in 0.00 ms.
Unloading 3676 Unused Serialized files (Serialized files now loaded: 0)
System memory in use before: 178.0 MB.
System memory in use after: 178.2 MB.

Unloading 20 unused Assets to reduce memory usage. Loaded Objects now: 4539.
Total: 4.029200 ms (FindLiveObjects: 0.313900 ms CreateObjectMapping: 0.188100 ms MarkObjects: 3.506700 ms  DeleteObjects: 0.019500 ms)

AssetImportParameters requested are different than current active one (requested -> active):
  custom:framework-win-MediaFoundation: 216162199b28c13a410421893ffa2e32 -> 
  custom:video-decoder-ogg-theora: a1e56fd34408186e4bbccfd4996cb3dc -> 
  custom:container-muxer-webm: aa71ff27fc2769a1b78a27578f13a17b -> 
  custom:container-demuxer-webm: 4f35f7cbe854078d1ac9338744f61a02 -> 
  custom:container-demuxer-ogg: 62fdf1f143b41e24485cea50d1cbac27 -> 
  custom:video-encoder-webm-vp8: eb34c28f22e8b96e1ab97ce403110664 -> 
  custom:video-decoder-webm-vp8: 9c59270c3fd7afecdb556c50c9e8de78 -> 
  custom:audio-decoder-ogg-vorbis: bf7c407c2cedff20999df2af8eb42d56 -> 
  custom:audio-encoder-webm-vorbis: bf7c407c2cedff20999df2af8eb42d56 -> 
